TN:
SF:App.js
FN:9,(anonymous_0)
FN:10,(anonymous_1)
FN:14,(anonymous_2)
FN:15,(anonymous_3)
FNF:4
FNH:4
FNDA:1,(anonymous_0)
FNDA:1,(anonymous_1)
FNDA:1,(anonymous_2)
FNDA:1,(anonymous_3)
DA:1,1
DA:2,1
DA:3,1
DA:4,1
DA:6,1
DA:7,1
DA:9,1
DA:10,1
DA:11,1
DA:12,1
DA:13,1
DA:14,1
DA:15,1
DA:16,1
DA:17,1
DA:19,1
DA:20,1
DA:21,1
DA:25,1
DA:29,1
LF:20
LH:20
BRF:0
BRH:0
end_of_record
TN:
SF:controllers\post_controller.js
FN:4,(anonymous_0)
FN:19,(anonymous_1)
FN:30,(anonymous_2)
FN:46,(anonymous_3)
FNF:4
FNH:0
FNDA:0,(anonymous_0)
FNDA:0,(anonymous_1)
FNDA:0,(anonymous_2)
FNDA:0,(anonymous_3)
DA:1,1
DA:4,1
DA:5,0
DA:7,0
DA:8,0
DA:10,0
DA:12,0
DA:14,0
DA:19,1
DA:20,0
DA:21,0
DA:22,0
DA:23,0
DA:25,0
DA:30,1
DA:31,0
DA:32,0
DA:33,0
DA:38,0
DA:40,0
DA:46,1
DA:47,0
DA:48,0
DA:49,0
DA:50,0
DA:52,0
DA:56,1
LF:27
LH:6
BRDA:7,0,0,0
BRDA:7,0,1,0
BRF:2
BRH:0
end_of_record
TN:
SF:controllers\student_controller.js
FN:4,(anonymous_0)
FN:24,(anonymous_1)
FN:35,(anonymous_2)
FN:51,(anonymous_3)
FNF:4
FNH:2
FNDA:3,(anonymous_0)
FNDA:1,(anonymous_1)
FNDA:0,(anonymous_2)
FNDA:0,(anonymous_3)
DA:1,1
DA:4,1
DA:5,3
DA:7,3
DA:8,1
DA:9,1
DA:11,2
DA:12,0
DA:14,2
DA:16,2
DA:19,0
DA:24,1
DA:25,1
DA:26,1
DA:27,1
DA:28,1
DA:30,0
DA:35,1
DA:36,0
DA:37,0
DA:38,0
DA:43,0
DA:45,0
DA:51,1
DA:52,0
DA:53,0
DA:54,0
DA:55,0
DA:57,0
DA:61,1
LF:30
LH:17
BRDA:7,0,0,1
BRDA:7,0,1,2
BRDA:11,1,0,0
BRDA:11,1,1,2
BRF:4
BRH:3
end_of_record
TN:
SF:models\post_model.js
FNF:0
FNH:0
DA:1,1
DA:2,1
DA:17,1
LF:3
LH:3
BRF:0
BRH:0
end_of_record
TN:
SF:models\student_model.js
FNF:0
FNH:0
DA:1,1
DA:2,1
DA:17,1
LF:3
LH:3
BRF:0
BRH:0
end_of_record
TN:
SF:routes\post_route.js
FNF:0
FNH:0
DA:1,1
DA:2,1
DA:3,1
DA:5,1
DA:6,1
DA:8,1
DA:10,1
DA:12,1
DA:14,1
LF:9
LH:9
BRF:0
BRH:0
end_of_record
TN:
SF:routes\student_route.js
FNF:0
FNH:0
DA:1,1
DA:2,1
DA:3,1
DA:5,1
DA:6,1
DA:8,1
DA:10,1
DA:12,1
DA:14,1
LF:9
LH:9
BRF:0
BRH:0
end_of_record
